\BOOKMARK [1][-]{section.1}{Einleitung}{}% 1
\BOOKMARK [2][-]{subsection.1.1}{Themen}{section.1}% 2
\BOOKMARK [2][-]{subsection.1.2}{Motivation}{section.1}% 3
\BOOKMARK [1][-]{section.2}{Hauptteil}{}% 4
\BOOKMARK [2][-]{subsection.2.1}{Generierung der Elliptischen Galaxien}{section.2}% 5
\BOOKMARK [3][-]{subsubsection.2.1.1}{Das Navarro-Frenk-White Profil}{subsection.2.1}% 6
\BOOKMARK [3][-]{subsubsection.2.1.2}{Random Sampling}{subsection.2.1}% 7
\BOOKMARK [2][-]{subsection.2.2}{Generierung eines Dunkle-Materie Halos}{section.2}% 8
\BOOKMARK [3][-]{subsubsection.2.2.1}{Anpassung des NFW-Profils}{subsection.2.2}% 9
\BOOKMARK [2][-]{subsection.2.3}{Stauchung und Streckung der Galaxie}{section.2}% 10
\BOOKMARK [2][-]{subsection.2.4}{Beschleunigung der Generierung}{section.2}% 11
\BOOKMARK [3][-]{subsubsection.2.4.1}{n-Sterne}{subsection.2.4}% 12
\BOOKMARK [3][-]{subsubsection.2.4.2}{Lookuptable}{subsection.2.4}% 13
\BOOKMARK [3][-]{subsubsection.2.4.3}{Weitere Optimierungen}{subsection.2.4}% 14
\BOOKMARK [2][-]{subsection.2.5}{Nutzung eines Neuronalen Netzes zum unbeaufsichtigeten generieren}{section.2}% 15
\BOOKMARK [3][-]{subsubsection.2.5.1}{Aufbau des Neuronalen Netzes}{subsection.2.5}% 16
\BOOKMARK [3][-]{subsubsection.2.5.2}{Nutzung eines Neuronalen Netztes zur verbesserung von Galaxien Simulationen}{subsection.2.5}% 17
\BOOKMARK [2][-]{subsection.2.6}{Spiralgalaxien}{section.2}% 18
\BOOKMARK [3][-]{subsubsection.2.6.1}{Das n-K\366rper Problem}{subsection.2.6}% 19
\BOOKMARK [2][-]{subsection.2.7}{Gr\366\337eneinheiten}{section.2}% 20
\BOOKMARK [1][-]{section.3}{Ergebnisse}{}% 21
\BOOKMARK [2][-]{subsection.3.1}{Simulation Speed}{section.3}% 22
\BOOKMARK [2][-]{subsection.3.2}{Spiral Galaxies}{section.3}% 23
\BOOKMARK [2][-]{subsection.3.3}{Lookup-Table Speed}{section.3}% 24
\BOOKMARK [2][-]{subsection.3.4}{Distortion of Galaxies}{section.3}% 25
\BOOKMARK [1][-]{section.4}{Quellen und Hilfen}{}% 26
